<?xml version="1.0" encoding="UTF-8"?>
<!-- Generated by org.testng.reporters.JUnitXMLReporter -->
<testsuite ignored="0" hostname="SRINIVASAN" failures="0" tests="6" name="testngTest" time="75.18" errors="0" timestamp="2019-12-06T13:21:03 IST">
  <testcase classname="DriverInitiate.TestDriverInitial" name="orderHomePage" time="19.25"/>
  <testcase classname="DriverInitiate.TestDriverInitial" name="orderLoginPage" time="11.544"/>
  <testcase classname="DriverInitiate.TestDriverInitial" name="orderdDashboardPage" time="6.708"/>
  <testcase classname="DriverInitiate.TestDriverInitial" name="wishListPage" time="4.908"/>
  <testcase classname="DriverInitiate.TestDriverInitial" name="wishListCreate" time="3.359"/>
  <testcase classname="DriverInitiate.TestDriverInitial" name="viewWishList" time="1.032"/>
</testsuite> <!-- testngTest -->
